0 silly input [ 'publish' ]
1 silly flags { _: [ 'publish' ], 'reject-cycles': false, rejectCycles: false }
2 verbose rootPath /Volumes/Workspaces/web-monorepo
3 info version 2.5.1
4 silly isInitialized
5 silly isInitialized true
6 silly existsSync /Volumes/Workspaces/web-monorepo/VERSION
7 silly initialize attempt
8 info current version 0.0.0
9 silly isDetachedHead
10 silly getCurrentBranch
11 verbose getCurrentBranch master
12 verbose isDetachedHead false
13 silly getCurrentBranch
14 verbose getCurrentBranch master
15 silly getUpdates
16 info Checking for updated packages...
17 silly hasTags
18 verbose hasTags false
19 info Comparing with initial commit.
20 verbose updated simple-library
21 verbose updated web-root
22 info Checking for prereleased packages...
23 silly collectDependents
24 silly isPackageDependentOf simple-library simple-library
25 silly isPackageDependentOf simple-library web-root
26 silly isPackageDependentOf web-root simple-library
27 verbose dependent web-root depends on simple-library
28 silly isPackageDependentOf web-root web-root
29 silly isPackageDependentOf simple-library web-root
30 silly collectUpdates
31 verbose has filtered update simple-library
32 verbose has filtered update web-root
33 silly initialize success
34 silly execute attempt
35 silly addFile /Volumes/Workspaces/web-monorepo/lerna.json
36 silly runScriptSync preversion simple-library
37 silly runScriptSync version simple-library
38 silly runScriptSync preversion web-root
39 silly runScriptSync version web-root
40 silly addFile /Volumes/Workspaces/web-monorepo/packages/simple-library/package.json
41 silly addFile /Volumes/Workspaces/web-monorepo/packages/web-root/package.json
42 silly commit v0.0.1
43 verbose commit [ 'commit', '--no-gpg-sign', '-m', 'v0.0.1' ]
44 silly addTag v0.0.1
45 silly runScriptSync postversion simple-library
46 silly runScriptSync postversion web-root
47 info publish Publishing packages to npm...
48 silly existsSync /Volumes/Workspaces/web-monorepo/packages/simple-library/scripts/prepublish.js
49 verbose execScript No prepublish script found at /Volumes/Workspaces/web-monorepo/packages/simple-library/scripts/prepublish.js
50 silly existsSync /Volumes/Workspaces/web-monorepo/packages/web-root/scripts/prepublish.js
51 verbose execScript No prepublish script found at /Volumes/Workspaces/web-monorepo/packages/web-root/scripts/prepublish.js
52 verbose publishing simple-library
53 silly publishTaggedInDir latest simple-library
54 silly getExecOpts { cwd: '/Volumes/Workspaces/web-monorepo/packages/simple-library' }
55 error publish Retrying failed publish: simple-library
56 verbose publish error undefined
57 verbose publishing simple-library
58 silly publishTaggedInDir latest simple-library
59 silly getExecOpts { cwd: '/Volumes/Workspaces/web-monorepo/packages/simple-library' }
60 error publish Retrying failed publish: simple-library
61 verbose publish error undefined
62 verbose publishing simple-library
63 silly publishTaggedInDir latest simple-library
64 silly getExecOpts { cwd: '/Volumes/Workspaces/web-monorepo/packages/simple-library' }
65 error publish Retrying failed publish: simple-library
66 verbose publish error undefined
67 verbose publishing simple-library
68 silly publishTaggedInDir latest simple-library
69 silly getExecOpts { cwd: '/Volumes/Workspaces/web-monorepo/packages/simple-library' }
70 error publish Retrying failed publish: simple-library
71 verbose publish error undefined
72 verbose publishing simple-library
73 silly publishTaggedInDir latest simple-library
74 silly getExecOpts { cwd: '/Volumes/Workspaces/web-monorepo/packages/simple-library' }
75 error publish Ran out of retries while publishing simple-library Error: Command failed: npm publish --tag latest
75 error publish npm ERR! code ENEEDAUTH
75 error publish npm ERR! need auth auth required for publishing
75 error publish npm ERR! need auth You need to authorize this machine using `npm adduser`
75 error publish
75 error publish npm ERR! A complete log of this run can be found in:
75 error publish npm ERR!     /Users/dev/.npm/_logs/2017-11-23T20_52_36_444Z-debug.log
75 error publish
75 error publish     at Promise.all.then.arr (/usr/local/lib/node_modules/lerna/node_modules/execa/index.js:236:11)
75 error publish     at <anonymous>
75 error publish     at process._tickCallback (internal/process/next_tick.js:188:7)
76 error execute callback with error
77 error Error: Command failed: npm publish --tag latest
77 error npm ERR! code ENEEDAUTH
77 error npm ERR! need auth auth required for publishing
77 error npm ERR! need auth You need to authorize this machine using `npm adduser`
77 error
77 error npm ERR! A complete log of this run can be found in:
77 error npm ERR!     /Users/dev/.npm/_logs/2017-11-23T20_52_36_444Z-debug.log
77 error
77 error     at Promise.all.then.arr (/usr/local/lib/node_modules/lerna/node_modules/execa/index.js:236:11)
77 error     at <anonymous>
